<?xml version="1.0" encoding="UTF-8"?>
<testng-results ignored="0" total="1" passed="1" failed="0" skipped="0">
  <reporter-output>
  </reporter-output>
  <suite started-at="2025-07-14T00:33:43 CEST" name="Default suite" finished-at="2025-07-14T00:33:43 CEST" duration-ms="83">
    <groups>
    </groups>
    <test started-at="2025-07-14T00:33:43 CEST" name="Default test" finished-at="2025-07-14T00:33:43 CEST" duration-ms="83">
      <class name="FirstPack.PS1">
        <test-method is-config="true" signature="beforeRun()[pri:0, instance:FirstPack.PS1@77847718]" started-at="2025-07-14T00:33:43 CEST" name="beforeRun" finished-at="2025-07-14T00:33:43 CEST" duration-ms="7" status="PASS">
          <reporter-output>
          </reporter-output>
        </test-method> <!-- beforeRun -->
        <test-method signature="testRun()[pri:0, instance:FirstPack.PS1@77847718]" started-at="2025-07-14T00:33:43 CEST" name="testRun" finished-at="2025-07-14T00:33:43 CEST" duration-ms="35" status="PASS">
          <reporter-output>
          </reporter-output>
        </test-method> <!-- testRun -->
        <test-method is-config="true" signature="afterRun()[pri:0, instance:FirstPack.PS1@77847718]" started-at="2025-07-14T00:33:43 CEST" name="afterRun" finished-at="2025-07-14T00:33:43 CEST" duration-ms="0" status="PASS">
          <reporter-output>
          </reporter-output>
        </test-method> <!-- afterRun -->
      </class> <!-- FirstPack.PS1 -->
    </test> <!-- Default test -->
  </suite> <!-- Default suite -->
</testng-results>
